<?xml version="1.0" encoding="UTF-8"?>
<!-- Generated by org.testng.reporters.JUnitXMLReporter -->
<testsuite ignored="1" hostname="LAPTOP-V8R4UGA8" failures="0" tests="12" name="Run on Firefox" time="28.951" errors="0" timestamp="05 Sep 2022 15:13:40 GMT">
  <testcase classname="com.nopcommerce.register.Register_Account" name="Register_01_Leave_All_Fields_Blank" time="0.576"/>
  <testcase classname="com.nopcommerce.register.Register_Account" name="Register_02_Invalid_Email" time="2.189"/>
  <testcase classname="com.nopcommerce.register.Register_Account" name="Register_03_Password_less_than_6_characters" time="1.459"/>
  <testcase classname="com.nopcommerce.register.Register_Account" name="Register_04_ConfirmPassword_Not_Match_With_Password" time="2.47"/>
  <testcase classname="com.nopcommerce.register.Register_Account" name="Register_05_Register_Success" time="2.649"/>
  <testcase classname="com.nopcommerce.register.Register_Account" name="Register_06_Email_Already_Registed" time="2.027"/>
  <testcase classname="com.nopcommerce.login.Login_Account" name="Login_01_Leave_All_Fields_Empty" time="0.291"/>
  <testcase classname="com.nopcommerce.login.Login_Account" name="Login_02_Invalid_Email" time="1.64"/>
  <testcase classname="com.nopcommerce.login.Login_Account" name="Login_03_Email_Not_Registered" time="1.779"/>
  <testcase classname="com.nopcommerce.login.Login_Account" name="Login_04_Leave_Password_Blank" time="0.474"/>
  <testcase classname="com.nopcommerce.login.Login_Account" name="Login_05_Input_Incorrect_Password" time="0.539"/>
  <testcase classname="com.nopcommerce.login.Login_Account" name="Login_06_Login_Success" time="0.885"/>
  <testcase classname="commons.BaseTest" name="@BeforeTest deleteAllFilesInReportNGScreenshot" time="0.0">
    <ignored/>
  </testcase> <!-- @BeforeTest deleteAllFilesInReportNGScreenshot -->
</testsuite> <!-- Run on Firefox -->
