<?xml version="1.0" encoding="UTF-8"?>
<!-- Generated by org.testng.reporters.JUnitXMLReporter -->
<testsuite ignored="1" hostname="LAPTOP-V8R4UGA8" failures="0" tests="12" name="Run on Firefox" time="26.701" errors="0" timestamp="04 Sep 2022 04:27:24 GMT">
  <testcase classname="com.nopcommerce.register.Register_Account" name="Register_01_Leave_All_Fields_Blank" time="0.616"/>
  <testcase classname="com.nopcommerce.register.Register_Account" name="Register_02_Invalid_Email" time="1.925"/>
  <testcase classname="com.nopcommerce.register.Register_Account" name="Register_03_Password_less_than_6_characters" time="1.89"/>
  <testcase classname="com.nopcommerce.register.Register_Account" name="Register_04_ConfirmPassword_Not_Match_With_Password" time="2.389"/>
  <testcase classname="com.nopcommerce.register.Register_Account" name="Register_05_Register_Success" time="2.409"/>
  <testcase classname="com.nopcommerce.register.Register_Account" name="Register_06_Email_Already_Registed" time="1.893"/>
  <testcase classname="com.nopcommerce.login.Login_Account" name="Login_01_Leave_All_Fields_Empty" time="0.291"/>
  <testcase classname="com.nopcommerce.login.Login_Account" name="Login_02_Invalid_Email" time="0.826"/>
  <testcase classname="com.nopcommerce.login.Login_Account" name="Login_03_Email_Not_Registered" time="1.503"/>
  <testcase classname="com.nopcommerce.login.Login_Account" name="Login_04_Leave_Password_Blank" time="0.437"/>
  <testcase classname="com.nopcommerce.login.Login_Account" name="Login_05_Input_Incorrect_Password" time="0.49"/>
  <testcase classname="com.nopcommerce.login.Login_Account" name="Login_06_Login_Success" time="0.774"/>
  <testcase classname="commons.BaseTest" name="@BeforeTest deleteAllFilesInReportNGScreenshot" time="0.0">
    <ignored/>
  </testcase> <!-- @BeforeTest deleteAllFilesInReportNGScreenshot -->
</testsuite> <!-- Run on Firefox -->
