<?xml version="1.0" encoding="UTF-8"?>
<!-- Generated by org.testng.reporters.JUnitXMLReporter -->
<testsuite hostname="LAPTOP-V8R4UGA8" ignored="1" name="Run on Firefox" tests="12" failures="0" timestamp="04 Sep 2022 07:03:54 GMT" time="33.395" errors="0">
  <testcase name="Register_01_Leave_All_Fields_Blank" time="0.585" classname="com.nopcommerce.register.Register_Account"/>
  <testcase name="Register_02_Invalid_Email" time="1.803" classname="com.nopcommerce.register.Register_Account"/>
  <testcase name="Register_03_Password_less_than_6_characters" time="2.366" classname="com.nopcommerce.register.Register_Account"/>
  <testcase name="Register_04_ConfirmPassword_Not_Match_With_Password" time="2.894" classname="com.nopcommerce.register.Register_Account"/>
  <testcase name="Register_05_Register_Success" time="3.086" classname="com.nopcommerce.register.Register_Account"/>
  <testcase name="Register_06_Email_Already_Registed" time="2.632" classname="com.nopcommerce.register.Register_Account"/>
  <testcase name="Login_01_Leave_All_Fields_Empty" time="0.378" classname="com.nopcommerce.login.Login_Account"/>
  <testcase name="Login_02_Invalid_Email" time="1.63" classname="com.nopcommerce.login.Login_Account"/>
  <testcase name="Login_03_Email_Not_Registered" time="1.812" classname="com.nopcommerce.login.Login_Account"/>
  <testcase name="Login_04_Leave_Password_Blank" time="0.59" classname="com.nopcommerce.login.Login_Account"/>
  <testcase name="Login_05_Input_Incorrect_Password" time="0.752" classname="com.nopcommerce.login.Login_Account"/>
  <testcase name="Login_06_Login_Success" time="1.113" classname="com.nopcommerce.login.Login_Account"/>
  <testcase name="@BeforeTest deleteAllFilesInReportNGScreenshot" time="0.0" classname="commons.BaseTest">
    <ignored/>
  </testcase> <!-- @BeforeTest deleteAllFilesInReportNGScreenshot -->
</testsuite> <!-- Run on Firefox -->
