<?xml version="1.0" encoding="UTF-8"?>
<!-- Generated by org.testng.reporters.JUnitXMLReporter -->
<testsuite hostname="LAPTOP-V8R4UGA8" ignored="1" name="Run on Firefox" tests="12" failures="0" timestamp="05 Sep 2022 15:17:01 GMT" time="29.717" errors="0">
  <testcase name="Register_01_Leave_All_Fields_Blank" time="0.557" classname="com.nopcommerce.register.Register_Account"/>
  <testcase name="Register_02_Invalid_Email" time="1.793" classname="com.nopcommerce.register.Register_Account"/>
  <testcase name="Register_03_Password_less_than_6_characters" time="1.819" classname="com.nopcommerce.register.Register_Account"/>
  <testcase name="Register_04_ConfirmPassword_Not_Match_With_Password" time="3.149" classname="com.nopcommerce.register.Register_Account"/>
  <testcase name="Register_05_Register_Success" time="3.228" classname="com.nopcommerce.register.Register_Account"/>
  <testcase name="Register_06_Email_Already_Registed" time="2.699" classname="com.nopcommerce.register.Register_Account"/>
  <testcase name="Login_01_Leave_All_Fields_Empty" time="0.362" classname="com.nopcommerce.login.Login_Account"/>
  <testcase name="Login_02_Invalid_Email" time="1.111" classname="com.nopcommerce.login.Login_Account"/>
  <testcase name="Login_03_Email_Not_Registered" time="1.165" classname="com.nopcommerce.login.Login_Account"/>
  <testcase name="Login_04_Leave_Password_Blank" time="0.577" classname="com.nopcommerce.login.Login_Account"/>
  <testcase name="Login_05_Input_Incorrect_Password" time="0.681" classname="com.nopcommerce.login.Login_Account"/>
  <testcase name="Login_06_Login_Success" time="1.073" classname="com.nopcommerce.login.Login_Account"/>
  <testcase name="@BeforeTest deleteAllFilesInReportNGScreenshot" time="0.0" classname="commons.BaseTest">
    <ignored/>
  </testcase> <!-- @BeforeTest deleteAllFilesInReportNGScreenshot -->
</testsuite> <!-- Run on Firefox -->
