<?xml version="1.0" encoding="UTF-8"?>
<testsuite xmlns:xsi="http://www.w3.org/2001/XMLSchema-instance" xsi:noNamespaceSchemaLocation="https://maven.apache.org/surefire/maven-surefire-plugin/xsd/surefire-test-report.xsd" name="TestSuite" time="34.712" tests="12" errors="0" skipped="0" failures="0">
  <properties>
[...]
</properties>
  <testcase name="Register_01_Leave_All_Fields_Blank" classname="com.nopcommerce.register.Register_Account" time="0.629"/>
  <testcase name="Register_02_Invalid_Email" classname="com.nopcommerce.register.Register_Account" time="1.803"/>
  <testcase name="Register_03_Password_less_than_6_characters" classname="com.nopcommerce.register.Register_Account" time="2.366"/>
  <testcase name="Register_04_ConfirmPassword_Not_Match_With_Password" classname="com.nopcommerce.register.Register_Account" time="2.891"/>
  <testcase name="Register_05_Register_Success" classname="com.nopcommerce.register.Register_Account" time="3.084"/>
  <testcase name="Register_06_Email_Already_Registed" classname="com.nopcommerce.register.Register_Account" time="2.632"/>
  <testcase name="Login_01_Leave_All_Fields_Empty" classname="com.nopcommerce.login.Login_Account" time="0.377"/>
  <testcase name="Login_02_Invalid_Email" classname="com.nopcommerce.login.Login_Account" time="1.631"/>
  <testcase name="Login_03_Email_Not_Registered" classname="com.nopcommerce.login.Login_Account" time="1.813"/>
  <testcase name="Login_04_Leave_Password_Blank" classname="com.nopcommerce.login.Login_Account" time="0.589"/>
  <testcase name="Login_05_Input_Incorrect_Password" classname="com.nopcommerce.login.Login_Account" time="0.753"/>
  <testcase name="Login_06_Login_Success" classname="com.nopcommerce.login.Login_Account" time="1.113"/>
</testsuite>