<?xml version="1.0" encoding="UTF-8"?>
<testng-results ignored="1" total="13" passed="12" failed="0" skipped="0">
  <reporter-output>
    <line>
      <![CDATA[[INFO ] [2022-09-05 22:13:11,957] ---------- START delete file in folder ----------
<br>]]>
    </line>
    <line>
      <![CDATA[[INFO ] [2022-09-05 22:13:11,958] ---------- END delete file in folder ----------
<br>]]>
    </line>
    <line>
      <![CDATA[[INFO ] [2022-09-05 22:13:11,974] Pre-condition: Open browser 'H_FireFox' with URL: 'https://demo.nopcommerce.com/'
<br>]]>
    </line>
    <line>
      <![CDATA[[INFO ] [2022-09-05 22:13:16,685] Pre-condition - 01: Open Home Page
<br>]]>
    </line>
    <line>
      <![CDATA[[INFO ] [2022-09-05 22:13:16,694] Pre-condition - 02: Navigate to RegisterPage
<br>]]>
    </line>
    <line>
      <![CDATA[[INFO ] [2022-09-05 22:13:18,783] Register_00 - Step_01: Open Register Page
<br>]]>
    </line>
    <line>
      <![CDATA[[INFO ] [2022-09-05 22:13:18,783] Register_00 - Step_02: Click to Register button
<br>]]>
    </line>
    <line>
      <![CDATA[[INFO ] [2022-09-05 22:13:19,072] Register_00 - Step_03: Verify validation error message display
<br>]]>
    </line>
    <line>
      <![CDATA[[INFO ] [2022-09-05 22:13:19,112]  -------------------------- PASSED -------------------------- 
<br>]]>
    </line>
    <line>
      <![CDATA[[INFO ] [2022-09-05 22:13:19,162]  -------------------------- PASSED -------------------------- 
<br>]]>
    </line>
    <line>
      <![CDATA[[INFO ] [2022-09-05 22:13:19,202]  -------------------------- PASSED -------------------------- 
<br>]]>
    </line>
    <line>
      <![CDATA[[INFO ] [2022-09-05 22:13:19,239]  -------------------------- PASSED -------------------------- 
<br>]]>
    </line>
    <line>
      <![CDATA[[INFO ] [2022-09-05 22:13:19,320] Register_01 - Step_01: Refresh page
<br>]]>
    </line>
    <line>
      <![CDATA[[INFO ] [2022-09-05 22:13:20,672] Register_01 - Step_02: Select Radio button: 'Male'
<br>]]>
    </line>
    <line>
      <![CDATA[[INFO ] [2022-09-05 22:13:20,922] Register_01 - Step_03: Input FirstName: 'Automation'
<br>]]>
    </line>
    <line>
      <![CDATA[[INFO ] [2022-09-05 22:13:20,978] Register_01 - Step_04: Input LastName: 'Testing'
<br>]]>
    </line>
    <line>
      <![CDATA[[INFO ] [2022-09-05 22:13:21,020] Register_01 - Step_05: Input invalid email: 'testing'
<br>]]>
    </line>
    <line>
      <![CDATA[[INFO ] [2022-09-05 22:13:21,058] Register_01 - Step_06: Input password: '123456'
<br>]]>
    </line>
    <line>
      <![CDATA[[INFO ] [2022-09-05 22:13:21,104] Register_01 - Step_07: Input confirm password: '123456'
<br>]]>
    </line>
    <line>
      <![CDATA[[INFO ] [2022-09-05 22:13:21,215] Register_01 - Step_08: Click to 'Register' button
<br>]]>
    </line>
    <line>
      <![CDATA[[INFO ] [2022-09-05 22:13:21,466] Register_01 - Step_09: Verify errormessage 'Wrong Email' displayed
<br>]]>
    </line>
    <line>
      <![CDATA[[INFO ] [2022-09-05 22:13:21,507]  -------------------------- PASSED -------------------------- 
<br>]]>
    </line>
    <line>
      <![CDATA[[INFO ] [2022-09-05 22:13:21,518] Register_02 - Step_01: Refresh Page
<br>]]>
    </line>
    <line>
      <![CDATA[[INFO ] [2022-09-05 22:13:22,195] Register_02 - Step_02: Select Radio button: 'Male'
<br>]]>
    </line>
    <line>
      <![CDATA[[INFO ] [2022-09-05 22:13:22,457] Register_02 - Step_03: Input FirstName: 'Automation'
<br>]]>
    </line>
    <line>
      <![CDATA[[INFO ] [2022-09-05 22:13:22,503] Register_02 - Step_04: Input LastName: 'Testing'
<br>]]>
    </line>
    <line>
      <![CDATA[[INFO ] [2022-09-05 22:13:22,548] Register_02 - Step_05: Input invalid email: 'testing519444@hotmail.com'
<br>]]>
    </line>
    <line>
      <![CDATA[[INFO ] [2022-09-05 22:13:22,598] Register_02 - Step_06: Input password: '123'
<br>]]>
    </line>
    <line>
      <![CDATA[[INFO ] [2022-09-05 22:13:22,637] Register_02 - Step_07: Input confirm password: '123'
<br>]]>
    </line>
    <line>
      <![CDATA[[INFO ] [2022-09-05 22:13:22,675] Register_02 - Step_08: Click to 'Register' button
<br>]]>
    </line>
    <line>
      <![CDATA[[INFO ] [2022-09-05 22:13:22,939] Register_02 - Step_09: Verify Error Message 'must have at least 6 characters' displayed
<br>]]>
    </line>
    <line>
      <![CDATA[[INFO ] [2022-09-05 22:13:22,975]  -------------------------- PASSED -------------------------- 
<br>]]>
    </line>
    <line>
      <![CDATA[[INFO ] [2022-09-05 22:13:22,980] Register_03 - Step_01: Refresh Page
<br>]]>
    </line>
    <line>
      <![CDATA[[INFO ] [2022-09-05 22:13:24,202] Register_03 - Step_02: Select Radio button: 'Male'
<br>]]>
    </line>
    <line>
      <![CDATA[[INFO ] [2022-09-05 22:13:24,458] Register_03 - Step_03: Input FirstName: 'Automation'
<br>]]>
    </line>
    <line>
      <![CDATA[[INFO ] [2022-09-05 22:13:24,498] Register_03 - Step_04: Input LastName: 'Testing'
<br>]]>
    </line>
    <line>
      <![CDATA[[INFO ] [2022-09-05 22:13:24,538] Register_03 - Step_05: Input invalid email: 'testing519444@hotmail.com'
<br>]]>
    </line>
    <line>
      <![CDATA[[INFO ] [2022-09-05 22:13:24,582] Register_03 - Step_06: Input password: '123456'
<br>]]>
    </line>
    <line>
      <![CDATA[[INFO ] [2022-09-05 22:13:24,622] Register_03 - Step_07: Input confirm password: 'Automation'
<br>]]>
    </line>
    <line>
      <![CDATA[[INFO ] [2022-09-05 22:13:24,659] Register_02 - Step_08: Click to 'Register' button
<br>]]>
    </line>
    <line>
      <![CDATA[[INFO ] [2022-09-05 22:13:25,417] Register_03 - Step_09: Verify that errormessage 'The password and confirmation password do not match.' displayed
<br>]]>
    </line>
    <line>
      <![CDATA[[INFO ] [2022-09-05 22:13:25,448]  -------------------------- PASSED -------------------------- 
<br>]]>
    </line>
    <line>
      <![CDATA[[INFO ] [2022-09-05 22:13:25,452] Register_04 - Step_01: Refresh Page
<br>]]>
    </line>
    <line>
      <![CDATA[[INFO ] [2022-09-05 22:13:26,729] Register_04 - Step_02: Select Radio button: 'Male'
<br>]]>
    </line>
    <line>
      <![CDATA[[INFO ] [2022-09-05 22:13:26,977] Register_04 - Step_03: Input FirstName: 'Automation'
<br>]]>
    </line>
    <line>
      <![CDATA[[INFO ] [2022-09-05 22:13:27,025] Register_04 - Step_04: Input LastName: 'Testing'
<br>]]>
    </line>
    <line>
      <![CDATA[[INFO ] [2022-09-05 22:13:27,063] Register_04 - Step_05: Input valid email: 'testing519444@hotmail.com'
<br>]]>
    </line>
    <line>
      <![CDATA[[INFO ] [2022-09-05 22:13:27,117] Register_04 - Step_06: Input password: '123456'
<br>]]>
    </line>
    <line>
      <![CDATA[[INFO ] [2022-09-05 22:13:27,150] Register_04 - Step_07: Input confirm password: '123456'
<br>]]>
    </line>
    <line>
      <![CDATA[[INFO ] [2022-09-05 22:13:27,187] Register_04 - Step_08: Click to 'Register' button
<br>]]>
    </line>
    <line>
      <![CDATA[[INFO ] [2022-09-05 22:13:28,061] Register_04 - Step_09: Verify register success message displayed 
<br>]]>
    </line>
    <line>
      <![CDATA[[INFO ] [2022-09-05 22:13:28,098]  -------------------------- PASSED -------------------------- 
<br>]]>
    </line>
    <line>
      <![CDATA[[INFO ] [2022-09-05 22:13:28,101] Register_05 - Step_01: Click to 'Logout' button
<br>]]>
    </line>
    <line>
      <![CDATA[[INFO ] [2022-09-05 22:13:28,797] Register_05 - Step_02: Click to 'Register' button
<br>]]>
    </line>
    <line>
      <![CDATA[[INFO ] [2022-09-05 22:13:29,206] Register_05 - Step_03: Select Radio button: 'Male'
<br>]]>
    </line>
    <line>
      <![CDATA[[INFO ] [2022-09-05 22:13:29,460] Register_05 - Step_04: Input FirstName: 'Automation'
<br>]]>
    </line>
    <line>
      <![CDATA[[INFO ] [2022-09-05 22:13:29,504] Register_05 - Step_05: Input LastName: 'Testing'
<br>]]>
    </line>
    <line>
      <![CDATA[[INFO ] [2022-09-05 22:13:29,540] Register_05 - Step_06: Input invalid email: 'testing519444@hotmail.com'
<br>]]>
    </line>
    <line>
      <![CDATA[[INFO ] [2022-09-05 22:13:29,581] Register_05 - Step_07: Input password: '123456'
<br>]]>
    </line>
    <line>
      <![CDATA[[INFO ] [2022-09-05 22:13:29,620] Register_05 - Step_08: Input confirm password: '123456'
<br>]]>
    </line>
    <line>
      <![CDATA[[INFO ] [2022-09-05 22:13:29,658] Register_05 - Step_09: Click to 'Register' button
<br>]]>
    </line>
    <line>
      <![CDATA[[INFO ] [2022-09-05 22:13:30,100] Register_05 - Step_10: Verify Error Message 'The specified email already exists' displayed
<br>]]>
    </line>
    <line>
      <![CDATA[[INFO ] [2022-09-05 22:13:30,127]  -------------------------- PASSED -------------------------- 
<br>]]>
    </line>
    <line>
      <![CDATA[[INFO ] [2022-09-05 22:13:30,130] OS name = windows 10
<br>]]>
    </line>
    <line>
      <![CDATA[[INFO ] [2022-09-05 22:13:30,130] Driver instance name = windows 10
<br>]]>
    </line>
    <line>
      <![CDATA[[INFO ] [2022-09-05 22:13:30,888] Pre-condition: Open browser 'H_FireFox' with URL: 'https://demo.nopcommerce.com/'
<br>]]>
    </line>
    <line>
      <![CDATA[[INFO ] [2022-09-05 22:13:33,948] Pre-condition - 01: Open Home Page
<br>]]>
    </line>
    <line>
      <![CDATA[[INFO ] [2022-09-05 22:13:33,948] Pre-condition - 02: Navigate to Login Page
<br>]]>
    </line>
    <line>
      <![CDATA[[INFO ] [2022-09-05 22:13:34,660] Login_01 - Step 00: Open LoginPage
<br>]]>
    </line>
    <line>
      <![CDATA[[INFO ] [2022-09-05 22:13:34,660] Login_01 - Step 01: Click to Login Button
<br>]]>
    </line>
    <line>
      <![CDATA[[INFO ] [2022-09-05 22:13:34,915] Login_01 - Step 02: Verify error message displayed
<br>]]>
    </line>
    <line>
      <![CDATA[[INFO ] [2022-09-05 22:13:34,949]  -------------------------- PASSED -------------------------- 
<br>]]>
    </line>
    <line>
      <![CDATA[[INFO ] [2022-09-05 22:13:34,952] Login_02 - Step 01: Refresh Page
<br>]]>
    </line>
    <line>
      <![CDATA[[INFO ] [2022-09-05 22:13:36,266] Login_02 - Step 02: Input valid Email
<br>]]>
    </line>
    <line>
      <![CDATA[[INFO ] [2022-09-05 22:13:36,309] Login_02 - Step 03: Click Login button
<br>]]>
    </line>
    <line>
      <![CDATA[[INFO ] [2022-09-05 22:13:36,554] Login_02 - Step 04: Verify error message displayed
<br>]]>
    </line>
    <line>
      <![CDATA[[INFO ] [2022-09-05 22:13:36,591]  -------------------------- PASSED -------------------------- 
<br>]]>
    </line>
    <line>
      <![CDATA[[INFO ] [2022-09-05 22:13:36,601] Login_03 - Step 01: Refresh Page
<br>]]>
    </line>
    <line>
      <![CDATA[[INFO ] [2022-09-05 22:13:37,870] Login_03 - Step 02: Input Email not registered
<br>]]>
    </line>
    <line>
      <![CDATA[[INFO ] [2022-09-05 22:13:37,917] Login_03 - Step 03: Click Login button
<br>]]>
    </line>
    <line>
      <![CDATA[[INFO ] [2022-09-05 22:13:38,345] Login_03 - Step 04: Verify error message displayed
<br>]]>
    </line>
    <line>
      <![CDATA[[INFO ] [2022-09-05 22:13:38,377]  -------------------------- PASSED -------------------------- 
<br>]]>
    </line>
    <line>
      <![CDATA[[INFO ] [2022-09-05 22:13:38,380] Login_04 - Step 01: Input valid Email 
<br>]]>
    </line>
    <line>
      <![CDATA[[INFO ] [2022-09-05 22:13:38,424] Login_04 - Step 02: Click Login button
<br>]]>
    </line>
    <line>
      <![CDATA[[INFO ] [2022-09-05 22:13:38,822] Login_04 - Step 03: Verify error message displayed
<br>]]>
    </line>
    <line>
      <![CDATA[[INFO ] [2022-09-05 22:13:38,853]  -------------------------- PASSED -------------------------- 
<br>]]>
    </line>
    <line>
      <![CDATA[[INFO ] [2022-09-05 22:13:38,856] Login_05 - Step 01: Input valid Email 
<br>]]>
    </line>
    <line>
      <![CDATA[[INFO ] [2022-09-05 22:13:38,900] Login_05 - Step 02: Input invalid Password
<br>]]>
    </line>
    <line>
      <![CDATA[[INFO ] [2022-09-05 22:13:38,936] Login_05 - Step 03: Click Login button
<br>]]>
    </line>
    <line>
      <![CDATA[[INFO ] [2022-09-05 22:13:39,365] Login_05 - Step 04: Verify error message displayed
<br>]]>
    </line>
    <line>
      <![CDATA[[INFO ] [2022-09-05 22:13:39,394]  -------------------------- PASSED -------------------------- 
<br>]]>
    </line>
    <line>
      <![CDATA[[INFO ] [2022-09-05 22:13:39,397] Login_06 - Step 01: Input valid Email 
<br>]]>
    </line>
    <line>
      <![CDATA[[INFO ] [2022-09-05 22:13:39,455] Login_06 - Step 02: Input valid Password
<br>]]>
    </line>
    <line>
      <![CDATA[[INFO ] [2022-09-05 22:13:39,492] Login_06 - Step 03: Click Login button
<br>]]>
    </line>
    <line>
      <![CDATA[[INFO ] [2022-09-05 22:13:40,243] Login_06 - Step 04: Open HomePage
<br>]]>
    </line>
    <line>
      <![CDATA[[INFO ] [2022-09-05 22:13:40,243] Login_06 - Step 04: Verify Logout button displayed
<br>]]>
    </line>
    <line>
      <![CDATA[[INFO ] [2022-09-05 22:13:40,281]  -------------------------- PASSED -------------------------- 
<br>]]>
    </line>
    <line>
      <![CDATA[[INFO ] [2022-09-05 22:13:40,284] OS name = windows 10
<br>]]>
    </line>
    <line>
      <![CDATA[[INFO ] [2022-09-05 22:13:40,284] Driver instance name = windows 10
<br>]]>
    </line>
  </reporter-output>
  <suite started-at="2022-09-05T15:13:11Z" name="User NopCommerce Project" finished-at="2022-09-05T15:13:40Z" duration-ms="28951">
    <groups>
    </groups>
    <test started-at="2022-09-05T15:13:11Z" name="Run on Firefox" finished-at="2022-09-05T15:13:40Z" duration-ms="28951">
      <class name="com.nopcommerce.login.Login_Account">
        <test-method is-config="true" signature="BeforeClass(java.lang.String, java.lang.String)[pri:0, instance:com.nopcommerce.login.Login_Account@41fed14f]" started-at="2022-09-05T15:13:30Z" name="BeforeClass" finished-at="2022-09-05T15:13:34Z" duration-ms="3769" status="PASS">
          <params>
            <param index="0">
              <value>
                <![CDATA[H_FireFox]]>
              </value>
            </param>
            <param index="1">
              <value>
                <![CDATA[https://demo.nopcommerce.com/]]>
              </value>
            </param>
          </params>
          <reporter-output>
            <line>
              <![CDATA[[INFO ] [2022-09-05 22:13:30,888] Pre-condition: Open browser 'H_FireFox' with URL: 'https://demo.nopcommerce.com/'
<br>]]>
            </line>
            <line>
              <![CDATA[[INFO ] [2022-09-05 22:13:33,948] Pre-condition - 01: Open Home Page
<br>]]>
            </line>
            <line>
              <![CDATA[[INFO ] [2022-09-05 22:13:33,948] Pre-condition - 02: Navigate to Login Page
<br>]]>
            </line>
          </reporter-output>
        </test-method> <!-- BeforeClass -->
        <test-method signature="Login_01_Leave_All_Fields_Empty()[pri:0, instance:com.nopcommerce.login.Login_Account@41fed14f]" started-at="2022-09-05T15:13:34Z" name="Login_01_Leave_All_Fields_Empty" finished-at="2022-09-05T15:13:34Z" duration-ms="291" status="PASS">
          <reporter-output>
            <line>
              <![CDATA[[INFO ] [2022-09-05 22:13:34,660] Login_01 - Step 00: Open LoginPage
<br>]]>
            </line>
            <line>
              <![CDATA[[INFO ] [2022-09-05 22:13:34,660] Login_01 - Step 01: Click to Login Button
<br>]]>
            </line>
            <line>
              <![CDATA[[INFO ] [2022-09-05 22:13:34,915] Login_01 - Step 02: Verify error message displayed
<br>]]>
            </line>
            <line>
              <![CDATA[[INFO ] [2022-09-05 22:13:34,949]  -------------------------- PASSED -------------------------- 
<br>]]>
            </line>
          </reporter-output>
        </test-method> <!-- Login_01_Leave_All_Fields_Empty -->
        <test-method signature="Login_02_Invalid_Email()[pri:0, instance:com.nopcommerce.login.Login_Account@41fed14f]" started-at="2022-09-05T15:13:34Z" name="Login_02_Invalid_Email" finished-at="2022-09-05T15:13:36Z" duration-ms="1640" status="PASS">
          <reporter-output>
            <line>
              <![CDATA[[INFO ] [2022-09-05 22:13:34,952] Login_02 - Step 01: Refresh Page
<br>]]>
            </line>
            <line>
              <![CDATA[[INFO ] [2022-09-05 22:13:36,266] Login_02 - Step 02: Input valid Email
<br>]]>
            </line>
            <line>
              <![CDATA[[INFO ] [2022-09-05 22:13:36,309] Login_02 - Step 03: Click Login button
<br>]]>
            </line>
            <line>
              <![CDATA[[INFO ] [2022-09-05 22:13:36,554] Login_02 - Step 04: Verify error message displayed
<br>]]>
            </line>
            <line>
              <![CDATA[[INFO ] [2022-09-05 22:13:36,591]  -------------------------- PASSED -------------------------- 
<br>]]>
            </line>
          </reporter-output>
        </test-method> <!-- Login_02_Invalid_Email -->
        <test-method signature="Login_03_Email_Not_Registered()[pri:0, instance:com.nopcommerce.login.Login_Account@41fed14f]" started-at="2022-09-05T15:13:36Z" name="Login_03_Email_Not_Registered" finished-at="2022-09-05T15:13:38Z" duration-ms="1779" status="PASS">
          <reporter-output>
            <line>
              <![CDATA[[INFO ] [2022-09-05 22:13:36,601] Login_03 - Step 01: Refresh Page
<br>]]>
            </line>
            <line>
              <![CDATA[[INFO ] [2022-09-05 22:13:37,870] Login_03 - Step 02: Input Email not registered
<br>]]>
            </line>
            <line>
              <![CDATA[[INFO ] [2022-09-05 22:13:37,917] Login_03 - Step 03: Click Login button
<br>]]>
            </line>
            <line>
              <![CDATA[[INFO ] [2022-09-05 22:13:38,345] Login_03 - Step 04: Verify error message displayed
<br>]]>
            </line>
            <line>
              <![CDATA[[INFO ] [2022-09-05 22:13:38,377]  -------------------------- PASSED -------------------------- 
<br>]]>
            </line>
          </reporter-output>
        </test-method> <!-- Login_03_Email_Not_Registered -->
        <test-method signature="Login_04_Leave_Password_Blank()[pri:0, instance:com.nopcommerce.login.Login_Account@41fed14f]" started-at="2022-09-05T15:13:38Z" name="Login_04_Leave_Password_Blank" finished-at="2022-09-05T15:13:38Z" duration-ms="474" status="PASS">
          <reporter-output>
            <line>
              <![CDATA[[INFO ] [2022-09-05 22:13:38,380] Login_04 - Step 01: Input valid Email 
<br>]]>
            </line>
            <line>
              <![CDATA[[INFO ] [2022-09-05 22:13:38,424] Login_04 - Step 02: Click Login button
<br>]]>
            </line>
            <line>
              <![CDATA[[INFO ] [2022-09-05 22:13:38,822] Login_04 - Step 03: Verify error message displayed
<br>]]>
            </line>
            <line>
              <![CDATA[[INFO ] [2022-09-05 22:13:38,853]  -------------------------- PASSED -------------------------- 
<br>]]>
            </line>
          </reporter-output>
        </test-method> <!-- Login_04_Leave_Password_Blank -->
        <test-method signature="Login_05_Input_Incorrect_Password()[pri:0, instance:com.nopcommerce.login.Login_Account@41fed14f]" started-at="2022-09-05T15:13:38Z" name="Login_05_Input_Incorrect_Password" finished-at="2022-09-05T15:13:39Z" duration-ms="539" status="PASS">
          <reporter-output>
            <line>
              <![CDATA[[INFO ] [2022-09-05 22:13:38,856] Login_05 - Step 01: Input valid Email 
<br>]]>
            </line>
            <line>
              <![CDATA[[INFO ] [2022-09-05 22:13:38,900] Login_05 - Step 02: Input invalid Password
<br>]]>
            </line>
            <line>
              <![CDATA[[INFO ] [2022-09-05 22:13:38,936] Login_05 - Step 03: Click Login button
<br>]]>
            </line>
            <line>
              <![CDATA[[INFO ] [2022-09-05 22:13:39,365] Login_05 - Step 04: Verify error message displayed
<br>]]>
            </line>
            <line>
              <![CDATA[[INFO ] [2022-09-05 22:13:39,394]  -------------------------- PASSED -------------------------- 
<br>]]>
            </line>
          </reporter-output>
        </test-method> <!-- Login_05_Input_Incorrect_Password -->
        <test-method signature="Login_06_Login_Success()[pri:0, instance:com.nopcommerce.login.Login_Account@41fed14f]" started-at="2022-09-05T15:13:39Z" name="Login_06_Login_Success" finished-at="2022-09-05T15:13:40Z" duration-ms="885" status="PASS">
          <reporter-output>
            <line>
              <![CDATA[[INFO ] [2022-09-05 22:13:39,397] Login_06 - Step 01: Input valid Email 
<br>]]>
            </line>
            <line>
              <![CDATA[[INFO ] [2022-09-05 22:13:39,455] Login_06 - Step 02: Input valid Password
<br>]]>
            </line>
            <line>
              <![CDATA[[INFO ] [2022-09-05 22:13:39,492] Login_06 - Step 03: Click Login button
<br>]]>
            </line>
            <line>
              <![CDATA[[INFO ] [2022-09-05 22:13:40,243] Login_06 - Step 04: Open HomePage
<br>]]>
            </line>
            <line>
              <![CDATA[[INFO ] [2022-09-05 22:13:40,243] Login_06 - Step 04: Verify Logout button displayed
<br>]]>
            </line>
            <line>
              <![CDATA[[INFO ] [2022-09-05 22:13:40,281]  -------------------------- PASSED -------------------------- 
<br>]]>
            </line>
          </reporter-output>
        </test-method> <!-- Login_06_Login_Success -->
        <test-method is-config="true" signature="AfterClass()[pri:0, instance:com.nopcommerce.login.Login_Account@41fed14f]" started-at="2022-09-05T15:13:40Z" name="AfterClass" finished-at="2022-09-05T15:13:40Z" duration-ms="589" status="PASS">
          <reporter-output>
            <line>
              <![CDATA[[INFO ] [2022-09-05 22:13:40,284] OS name = windows 10
<br>]]>
            </line>
            <line>
              <![CDATA[[INFO ] [2022-09-05 22:13:40,284] Driver instance name = windows 10
<br>]]>
            </line>
          </reporter-output>
        </test-method> <!-- AfterClass -->
      </class> <!-- com.nopcommerce.login.Login_Account -->
      <class name="com.nopcommerce.register.Register_Account">
        <test-method is-config="true" signature="deleteAllFilesInReportNGScreenshot()[pri:0, instance:com.nopcommerce.register.Register_Account@36361ddb]" started-at="2022-09-05T15:13:11Z" name="deleteAllFilesInReportNGScreenshot" finished-at="2022-09-05T15:13:11Z" duration-ms="27" status="PASS">
          <reporter-output>
            <line>
              <![CDATA[[INFO ] [2022-09-05 22:13:11,957] ---------- START delete file in folder ----------
<br>]]>
            </line>
            <line>
              <![CDATA[[INFO ] [2022-09-05 22:13:11,958] ---------- END delete file in folder ----------
<br>]]>
            </line>
          </reporter-output>
        </test-method> <!-- deleteAllFilesInReportNGScreenshot -->
        <test-method is-config="true" signature="BeforeClass(java.lang.String, java.lang.String)[pri:0, instance:com.nopcommerce.register.Register_Account@36361ddb]" started-at="2022-09-05T15:13:11Z" name="BeforeClass" finished-at="2022-09-05T15:13:18Z" duration-ms="6687" status="PASS">
          <params>
            <param index="0">
              <value>
                <![CDATA[H_FireFox]]>
              </value>
            </param>
            <param index="1">
              <value>
                <![CDATA[https://demo.nopcommerce.com/]]>
              </value>
            </param>
          </params>
          <reporter-output>
            <line>
              <![CDATA[[INFO ] [2022-09-05 22:13:11,974] Pre-condition: Open browser 'H_FireFox' with URL: 'https://demo.nopcommerce.com/'
<br>]]>
            </line>
            <line>
              <![CDATA[[INFO ] [2022-09-05 22:13:16,685] Pre-condition - 01: Open Home Page
<br>]]>
            </line>
            <line>
              <![CDATA[[INFO ] [2022-09-05 22:13:16,694] Pre-condition - 02: Navigate to RegisterPage
<br>]]>
            </line>
          </reporter-output>
        </test-method> <!-- BeforeClass -->
        <test-method signature="Register_01_Leave_All_Fields_Blank()[pri:0, instance:com.nopcommerce.register.Register_Account@36361ddb]" started-at="2022-09-05T15:13:18Z" name="Register_01_Leave_All_Fields_Blank" finished-at="2022-09-05T15:13:19Z" duration-ms="576" status="PASS">
          <reporter-output>
            <line>
              <![CDATA[[INFO ] [2022-09-05 22:13:18,783] Register_00 - Step_01: Open Register Page
<br>]]>
            </line>
            <line>
              <![CDATA[[INFO ] [2022-09-05 22:13:18,783] Register_00 - Step_02: Click to Register button
<br>]]>
            </line>
            <line>
              <![CDATA[[INFO ] [2022-09-05 22:13:19,072] Register_00 - Step_03: Verify validation error message display
<br>]]>
            </line>
            <line>
              <![CDATA[[INFO ] [2022-09-05 22:13:19,112]  -------------------------- PASSED -------------------------- 
<br>]]>
            </line>
            <line>
              <![CDATA[[INFO ] [2022-09-05 22:13:19,162]  -------------------------- PASSED -------------------------- 
<br>]]>
            </line>
            <line>
              <![CDATA[[INFO ] [2022-09-05 22:13:19,202]  -------------------------- PASSED -------------------------- 
<br>]]>
            </line>
            <line>
              <![CDATA[[INFO ] [2022-09-05 22:13:19,239]  -------------------------- PASSED -------------------------- 
<br>]]>
            </line>
          </reporter-output>
        </test-method> <!-- Register_01_Leave_All_Fields_Blank -->
        <test-method signature="Register_02_Invalid_Email()[pri:0, instance:com.nopcommerce.register.Register_Account@36361ddb]" started-at="2022-09-05T15:13:19Z" name="Register_02_Invalid_Email" finished-at="2022-09-05T15:13:21Z" duration-ms="2189" status="PASS">
          <reporter-output>
            <line>
              <![CDATA[[INFO ] [2022-09-05 22:13:19,320] Register_01 - Step_01: Refresh page
<br>]]>
            </line>
            <line>
              <![CDATA[[INFO ] [2022-09-05 22:13:20,672] Register_01 - Step_02: Select Radio button: 'Male'
<br>]]>
            </line>
            <line>
              <![CDATA[[INFO ] [2022-09-05 22:13:20,922] Register_01 - Step_03: Input FirstName: 'Automation'
<br>]]>
            </line>
            <line>
              <![CDATA[[INFO ] [2022-09-05 22:13:20,978] Register_01 - Step_04: Input LastName: 'Testing'
<br>]]>
            </line>
            <line>
              <![CDATA[[INFO ] [2022-09-05 22:13:21,020] Register_01 - Step_05: Input invalid email: 'testing'
<br>]]>
            </line>
            <line>
              <![CDATA[[INFO ] [2022-09-05 22:13:21,058] Register_01 - Step_06: Input password: '123456'
<br>]]>
            </line>
            <line>
              <![CDATA[[INFO ] [2022-09-05 22:13:21,104] Register_01 - Step_07: Input confirm password: '123456'
<br>]]>
            </line>
            <line>
              <![CDATA[[INFO ] [2022-09-05 22:13:21,215] Register_01 - Step_08: Click to 'Register' button
<br>]]>
            </line>
            <line>
              <![CDATA[[INFO ] [2022-09-05 22:13:21,466] Register_01 - Step_09: Verify errormessage 'Wrong Email' displayed
<br>]]>
            </line>
            <line>
              <![CDATA[[INFO ] [2022-09-05 22:13:21,507]  -------------------------- PASSED -------------------------- 
<br>]]>
            </line>
          </reporter-output>
        </test-method> <!-- Register_02_Invalid_Email -->
        <test-method signature="Register_03_Password_less_than_6_characters()[pri:0, instance:com.nopcommerce.register.Register_Account@36361ddb]" started-at="2022-09-05T15:13:21Z" name="Register_03_Password_less_than_6_characters" finished-at="2022-09-05T15:13:22Z" duration-ms="1459" status="PASS">
          <reporter-output>
            <line>
              <![CDATA[[INFO ] [2022-09-05 22:13:21,518] Register_02 - Step_01: Refresh Page
<br>]]>
            </line>
            <line>
              <![CDATA[[INFO ] [2022-09-05 22:13:22,195] Register_02 - Step_02: Select Radio button: 'Male'
<br>]]>
            </line>
            <line>
              <![CDATA[[INFO ] [2022-09-05 22:13:22,457] Register_02 - Step_03: Input FirstName: 'Automation'
<br>]]>
            </line>
            <line>
              <![CDATA[[INFO ] [2022-09-05 22:13:22,503] Register_02 - Step_04: Input LastName: 'Testing'
<br>]]>
            </line>
            <line>
              <![CDATA[[INFO ] [2022-09-05 22:13:22,548] Register_02 - Step_05: Input invalid email: 'testing519444@hotmail.com'
<br>]]>
            </line>
            <line>
              <![CDATA[[INFO ] [2022-09-05 22:13:22,598] Register_02 - Step_06: Input password: '123'
<br>]]>
            </line>
            <line>
              <![CDATA[[INFO ] [2022-09-05 22:13:22,637] Register_02 - Step_07: Input confirm password: '123'
<br>]]>
            </line>
            <line>
              <![CDATA[[INFO ] [2022-09-05 22:13:22,675] Register_02 - Step_08: Click to 'Register' button
<br>]]>
            </line>
            <line>
              <![CDATA[[INFO ] [2022-09-05 22:13:22,939] Register_02 - Step_09: Verify Error Message 'must have at least 6 characters' displayed
<br>]]>
            </line>
            <line>
              <![CDATA[[INFO ] [2022-09-05 22:13:22,975]  -------------------------- PASSED -------------------------- 
<br>]]>
            </line>
          </reporter-output>
        </test-method> <!-- Register_03_Password_less_than_6_characters -->
        <test-method signature="Register_04_ConfirmPassword_Not_Match_With_Password()[pri:0, instance:com.nopcommerce.register.Register_Account@36361ddb]" started-at="2022-09-05T15:13:22Z" name="Register_04_ConfirmPassword_Not_Match_With_Password" finished-at="2022-09-05T15:13:25Z" duration-ms="2470" status="PASS">
          <reporter-output>
            <line>
              <![CDATA[[INFO ] [2022-09-05 22:13:22,980] Register_03 - Step_01: Refresh Page
<br>]]>
            </line>
            <line>
              <![CDATA[[INFO ] [2022-09-05 22:13:24,202] Register_03 - Step_02: Select Radio button: 'Male'
<br>]]>
            </line>
            <line>
              <![CDATA[[INFO ] [2022-09-05 22:13:24,458] Register_03 - Step_03: Input FirstName: 'Automation'
<br>]]>
            </line>
            <line>
              <![CDATA[[INFO ] [2022-09-05 22:13:24,498] Register_03 - Step_04: Input LastName: 'Testing'
<br>]]>
            </line>
            <line>
              <![CDATA[[INFO ] [2022-09-05 22:13:24,538] Register_03 - Step_05: Input invalid email: 'testing519444@hotmail.com'
<br>]]>
            </line>
            <line>
              <![CDATA[[INFO ] [2022-09-05 22:13:24,582] Register_03 - Step_06: Input password: '123456'
<br>]]>
            </line>
            <line>
              <![CDATA[[INFO ] [2022-09-05 22:13:24,622] Register_03 - Step_07: Input confirm password: 'Automation'
<br>]]>
            </line>
            <line>
              <![CDATA[[INFO ] [2022-09-05 22:13:24,659] Register_02 - Step_08: Click to 'Register' button
<br>]]>
            </line>
            <line>
              <![CDATA[[INFO ] [2022-09-05 22:13:25,417] Register_03 - Step_09: Verify that errormessage 'The password and confirmation password do not match.' displayed
<br>]]>
            </line>
            <line>
              <![CDATA[[INFO ] [2022-09-05 22:13:25,448]  -------------------------- PASSED -------------------------- 
<br>]]>
            </line>
          </reporter-output>
        </test-method> <!-- Register_04_ConfirmPassword_Not_Match_With_Password -->
        <test-method signature="Register_05_Register_Success()[pri:0, instance:com.nopcommerce.register.Register_Account@36361ddb]" started-at="2022-09-05T15:13:25Z" name="Register_05_Register_Success" finished-at="2022-09-05T15:13:28Z" duration-ms="2649" status="PASS">
          <reporter-output>
            <line>
              <![CDATA[[INFO ] [2022-09-05 22:13:25,452] Register_04 - Step_01: Refresh Page
<br>]]>
            </line>
            <line>
              <![CDATA[[INFO ] [2022-09-05 22:13:26,729] Register_04 - Step_02: Select Radio button: 'Male'
<br>]]>
            </line>
            <line>
              <![CDATA[[INFO ] [2022-09-05 22:13:26,977] Register_04 - Step_03: Input FirstName: 'Automation'
<br>]]>
            </line>
            <line>
              <![CDATA[[INFO ] [2022-09-05 22:13:27,025] Register_04 - Step_04: Input LastName: 'Testing'
<br>]]>
            </line>
            <line>
              <![CDATA[[INFO ] [2022-09-05 22:13:27,063] Register_04 - Step_05: Input valid email: 'testing519444@hotmail.com'
<br>]]>
            </line>
            <line>
              <![CDATA[[INFO ] [2022-09-05 22:13:27,117] Register_04 - Step_06: Input password: '123456'
<br>]]>
            </line>
            <line>
              <![CDATA[[INFO ] [2022-09-05 22:13:27,150] Register_04 - Step_07: Input confirm password: '123456'
<br>]]>
            </line>
            <line>
              <![CDATA[[INFO ] [2022-09-05 22:13:27,187] Register_04 - Step_08: Click to 'Register' button
<br>]]>
            </line>
            <line>
              <![CDATA[[INFO ] [2022-09-05 22:13:28,061] Register_04 - Step_09: Verify register success message displayed 
<br>]]>
            </line>
            <line>
              <![CDATA[[INFO ] [2022-09-05 22:13:28,098]  -------------------------- PASSED -------------------------- 
<br>]]>
            </line>
          </reporter-output>
        </test-method> <!-- Register_05_Register_Success -->
        <test-method signature="Register_06_Email_Already_Registed()[pri:0, instance:com.nopcommerce.register.Register_Account@36361ddb]" started-at="2022-09-05T15:13:28Z" name="Register_06_Email_Already_Registed" finished-at="2022-09-05T15:13:30Z" duration-ms="2027" status="PASS">
          <reporter-output>
            <line>
              <![CDATA[[INFO ] [2022-09-05 22:13:28,101] Register_05 - Step_01: Click to 'Logout' button
<br>]]>
            </line>
            <line>
              <![CDATA[[INFO ] [2022-09-05 22:13:28,797] Register_05 - Step_02: Click to 'Register' button
<br>]]>
            </line>
            <line>
              <![CDATA[[INFO ] [2022-09-05 22:13:29,206] Register_05 - Step_03: Select Radio button: 'Male'
<br>]]>
            </line>
            <line>
              <![CDATA[[INFO ] [2022-09-05 22:13:29,460] Register_05 - Step_04: Input FirstName: 'Automation'
<br>]]>
            </line>
            <line>
              <![CDATA[[INFO ] [2022-09-05 22:13:29,504] Register_05 - Step_05: Input LastName: 'Testing'
<br>]]>
            </line>
            <line>
              <![CDATA[[INFO ] [2022-09-05 22:13:29,540] Register_05 - Step_06: Input invalid email: 'testing519444@hotmail.com'
<br>]]>
            </line>
            <line>
              <![CDATA[[INFO ] [2022-09-05 22:13:29,581] Register_05 - Step_07: Input password: '123456'
<br>]]>
            </line>
            <line>
              <![CDATA[[INFO ] [2022-09-05 22:13:29,620] Register_05 - Step_08: Input confirm password: '123456'
<br>]]>
            </line>
            <line>
              <![CDATA[[INFO ] [2022-09-05 22:13:29,658] Register_05 - Step_09: Click to 'Register' button
<br>]]>
            </line>
            <line>
              <![CDATA[[INFO ] [2022-09-05 22:13:30,100] Register_05 - Step_10: Verify Error Message 'The specified email already exists' displayed
<br>]]>
            </line>
            <line>
              <![CDATA[[INFO ] [2022-09-05 22:13:30,127]  -------------------------- PASSED -------------------------- 
<br>]]>
            </line>
          </reporter-output>
        </test-method> <!-- Register_06_Email_Already_Registed -->
        <test-method is-config="true" signature="AfterClass()[pri:0, instance:com.nopcommerce.register.Register_Account@36361ddb]" started-at="2022-09-05T15:13:30Z" name="AfterClass" finished-at="2022-09-05T15:13:30Z" duration-ms="758" status="PASS">
          <reporter-output>
            <line>
              <![CDATA[[INFO ] [2022-09-05 22:13:30,130] OS name = windows 10
<br>]]>
            </line>
            <line>
              <![CDATA[[INFO ] [2022-09-05 22:13:30,130] Driver instance name = windows 10
<br>]]>
            </line>
          </reporter-output>
        </test-method> <!-- AfterClass -->
      </class> <!-- com.nopcommerce.register.Register_Account -->
    </test> <!-- Run on Firefox -->
  </suite> <!-- User NopCommerce Project -->
</testng-results>
